Log file open, 09/11/16 18:15:25
LogInit:Display: Running engine for game: MyProject
LogPlatformFile: Not using cached read wrapper
LogInit:Display: RandInit(-1066670600) SRandInit(-1066670600).
LogTaskGraph: Started task graph with 5 named threads and 8 total threads with 1 sets of task threads.
LogStats: Stats thread started at 0.080036
LogPluginManager: Loaded Plugin Paper2D, From C:/Program Files (x86)/Epic Games/4.13/Engine/Plugins/2D/Paper2D/Paper2D.uplugin
LogPluginManager: Loaded Plugin LightPropagationVolume, From C:/Program Files (x86)/Epic Games/4.13/Engine/Plugins/Blendables/LightPropagationVolume/LightPropagationVolume.uplugin
LogPluginManager: Loaded Plugin BlankPlugin, From C:/Program Files (x86)/Epic Games/4.13/Engine/Plugins/Developer/BlankPlugin/BlankPlugin.uplugin
LogPluginManager: Loaded Plugin CodeLiteSourceCodeAccess, From C:/Program Files (x86)/Epic Games/4.13/Engine/Plugins/Developer/CodeLiteSourceCodeAccess/CodeLiteSourceCodeAccess.uplugin
LogPluginManager: Loaded Plugin GitSourceControl, From C:/Program Files (x86)/Epic Games/4.13/Engine/Plugins/Developer/GitSourceControl/GitSourceControl.uplugin
LogPluginManager: Loaded Plugin KDevelopSourceCodeAccess, From C:/Program Files (x86)/Epic Games/4.13/Engine/Plugins/Developer/KDevelopSourceCodeAccess/KDevelopSourceCodeAccess.uplugin
LogPluginManager: Loaded Plugin NullSourceCodeAccess, From C:/Program Files (x86)/Epic Games/4.13/Engine/Plugins/Developer/NullSourceCodeAccess/NullSourceCodeAccess.uplugin
LogPluginManager: Loaded Plugin OneSkyLocalizationService, From C:/Program Files (x86)/Epic Games/4.13/Engine/Plugins/Developer/OneSkyLocalizationService/OneSkyLocalizationService.uplugin
LogPluginManager: Loaded Plugin PerforceSourceControl, From C:/Program Files (x86)/Epic Games/4.13/Engine/Plugins/Developer/PerforceSourceControl/PerforceSourceControl.uplugin
LogPluginManager: Loaded Plugin SubversionSourceControl, From C:/Program Files (x86)/Epic Games/4.13/Engine/Plugins/Developer/SubversionSourceControl/SubversionSourceControl.uplugin
LogPluginManager: Loaded Plugin UObjectPlugin, From C:/Program Files (x86)/Epic Games/4.13/Engine/Plugins/Developer/UObjectPlugin/UObjectPlugin.uplugin
LogPluginManager: Loaded Plugin VisualStudioSourceCodeAccess, From C:/Program Files (x86)/Epic Games/4.13/Engine/Plugins/Developer/VisualStudioSourceCodeAccess/VisualStudioSourceCodeAccess.uplugin
LogPluginManager: Loaded Plugin XCodeSourceCodeAccess, From C:/Program Files (x86)/Epic Games/4.13/Engine/Plugins/Developer/XCodeSourceCodeAccess/XCodeSourceCodeAccess.uplugin
LogPluginManager: Loaded Plugin EpicSurvey, From C:/Program Files (x86)/Epic Games/4.13/Engine/Plugins/Editor/EpicSurvey/EpicSurvey.uplugin
LogPluginManager: Loaded Plugin MacGraphicsSwitching, From C:/Program Files (x86)/Epic Games/4.13/Engine/Plugins/Editor/MacGraphicsSwitching/MacGraphicsSwitching.uplugin
LogPluginManager: Loaded Plugin MobileLauncherProfileWizard, From C:/Program Files (x86)/Epic Games/4.13/Engine/Plugins/Editor/MobileLauncherProfileWizard/MobileLauncherProfileWizard.uplugin
LogPluginManager: Loaded Plugin PluginBrowser, From C:/Program Files (x86)/Epic Games/4.13/Engine/Plugins/Editor/PluginBrowser/PluginBrowser.uplugin
LogPluginManager: Loaded Plugin SpeedTreeImporter, From C:/Program Files (x86)/Epic Games/4.13/Engine/Plugins/Editor/SpeedTreeImporter/SpeedTreeImporter.uplugin
LogPluginManager: Loaded Plugin SuperSearchEditor, From C:/Program Files (x86)/Epic Games/4.13/Engine/Plugins/Editor/SuperSearchEditor/SuperSearchEditor.uplugin
LogPluginManager: Loaded Plugin AlembicImporter, From C:/Program Files (x86)/Epic Games/4.13/Engine/Plugins/Experimental/AlembicImporter/AlembicImporter.uplugin
LogPluginManager: Loaded Plugin BlueprintStats, From C:/Program Files (x86)/Epic Games/4.13/Engine/Plugins/Experimental/BlueprintStats/BlueprintStats.uplugin
LogPluginManager: Loaded Plugin CharacterAI, From C:/Program Files (x86)/Epic Games/4.13/Engine/Plugins/Experimental/CharacterAI/CharacterAI.uplugin
LogPluginManager: Loaded Plugin CodeEditor, From C:/Program Files (x86)/Epic Games/4.13/Engine/Plugins/Experimental/CodeEditor/CodeEditor.uplugin
LogPluginManager: Loaded Plugin CodeView, From C:/Program Files (x86)/Epic Games/4.13/Engine/Plugins/Experimental/CodeView/CodeView.uplugin
LogPluginManager: Loaded Plugin HTML5Networking, From C:/Program Files (x86)/Epic Games/4.13/Engine/Plugins/Experimental/HTML5Networking/HTML5Networking.uplugin
LogPluginManager: Loaded Plugin LiveEditor, From C:/Program Files (x86)/Epic Games/4.13/Engine/Plugins/Experimental/LiveEditor/LiveEditor.uplugin
LogPluginManager: Loaded Plugin OSVR, From C:/Program Files (x86)/Epic Games/4.13/Engine/Plugins/Experimental/OSVR/OSVR.uplugin
LogPluginManager: Loaded Plugin Phya, From C:/Program Files (x86)/Epic Games/4.13/Engine/Plugins/Experimental/Phya/Phya.uplugin
LogPluginManager: Loaded Plugin SignificanceManager, From C:/Program Files (x86)/Epic Games/4.13/Engine/Plugins/Experimental/SignificanceManager/SignificanceManager.uplugin
LogPluginManager: Loaded Plugin SimpleHMD, From C:/Program Files (x86)/Epic Games/4.13/Engine/Plugins/Experimental/SimpleHMD/SimpleHMD.uplugin
LogPluginManager: Loaded Plugin StereoPanorama, From C:/Program Files (x86)/Epic Games/4.13/Engine/Plugins/Experimental/StereoPanorama/StereoPanorama.uplugin
LogPluginManager: Loaded Plugin StructBox, From C:/Program Files (x86)/Epic Games/4.13/Engine/Plugins/Experimental/StructBox/StructBox.uplugin
LogPluginManager: Loaded Plugin AndroidMedia, From C:/Program Files (x86)/Epic Games/4.13/Engine/Plugins/Media/AndroidMedia/AndroidMedia.uplugin
LogPluginManager: Loaded Plugin AvfMedia, From C:/Program Files (x86)/Epic Games/4.13/Engine/Plugins/Media/AvfMedia/AvfMedia.uplugin
LogPluginManager: Loaded Plugin MediaPlayerEditor, From C:/Program Files (x86)/Epic Games/4.13/Engine/Plugins/Media/MediaPlayerEditor/MediaPlayerEditor.uplugin
LogPluginManager: Loaded Plugin WmfMedia, From C:/Program Files (x86)/Epic Games/4.13/Engine/Plugins/Media/WmfMedia/WmfMedia.uplugin
LogPluginManager: Loaded Plugin MessagingDebugger, From C:/Program Files (x86)/Epic Games/4.13/Engine/Plugins/Messaging/MessagingDebugger/MessagingDebugger.uplugin
LogPluginManager: Loaded Plugin TcpMessaging, From C:/Program Files (x86)/Epic Games/4.13/Engine/Plugins/Messaging/TcpMessaging/TcpMessaging.uplugin
LogPluginManager: Loaded Plugin UdpMessaging, From C:/Program Files (x86)/Epic Games/4.13/Engine/Plugins/Messaging/UdpMessaging/UdpMessaging.uplugin
LogPluginManager: Loaded Plugin LevelSequenceEditor, From C:/Program Files (x86)/Epic Games/4.13/Engine/Plugins/MovieScene/LevelSequenceEditor/LevelSequenceEditor.uplugin
LogPluginManager: Loaded Plugin MatineeToLevelSequence, From C:/Program Files (x86)/Epic Games/4.13/Engine/Plugins/MovieScene/MatineeToLevelSequence/MatineeToLevelSequence.uplugin
LogPluginManager: Loaded Plugin NetcodeUnitTest, From C:/Program Files (x86)/Epic Games/4.13/Engine/Plugins/NetcodeUnitTest/NetcodeUnitTest/NetcodeUnitTest.uplugin
LogPluginManager: Loaded Plugin NUTUnrealEngine4, From C:/Program Files (x86)/Epic Games/4.13/Engine/Plugins/NetcodeUnitTest/NUTUnrealEngine4/NUTUnrealEngine4.uplugin
LogPluginManager: Loaded Plugin OnlineSubsystemGooglePlay, From C:/Program Files (x86)/Epic Games/4.13/Engine/Plugins/Online/Android/OnlineSubsystemGooglePlay/OnlineSubsystemGooglePlay.uplugin
LogPluginManager: Loaded Plugin OnlineSubsystemIOS, From C:/Program Files (x86)/Epic Games/4.13/Engine/Plugins/Online/IOS/OnlineSubsystemIOS/OnlineSubsystemIOS.uplugin
LogPluginManager: Loaded Plugin OnlineFramework, From C:/Program Files (x86)/Epic Games/4.13/Engine/Plugins/Online/OnlineFramework/OnlineFramework.uplugin
LogPluginManager: Loaded Plugin OnlineSubsystem, From C:/Program Files (x86)/Epic Games/4.13/Engine/Plugins/Online/OnlineSubsystem/OnlineSubsystem.uplugin
LogPluginManager: Loaded Plugin OnlineSubsystemAmazon, From C:/Program Files (x86)/Epic Games/4.13/Engine/Plugins/Online/OnlineSubsystemAmazon/OnlineSubsystemAmazon.uplugin
LogPluginManager: Loaded Plugin OnlineSubsystemFacebook, From C:/Program Files (x86)/Epic Games/4.13/Engine/Plugins/Online/OnlineSubsystemFacebook/OnlineSubsystemFacebook.uplugin
LogPluginManager: Loaded Plugin OnlineSubsystemNull, From C:/Program Files (x86)/Epic Games/4.13/Engine/Plugins/Online/OnlineSubsystemNull/OnlineSubsystemNull.uplugin
LogPluginManager: Loaded Plugin OnlineSubsystemOculus, From C:/Program Files (x86)/Epic Games/4.13/Engine/Plugins/Online/OnlineSubsystemOculus/OnlineSubsystemOculus.uplugin
LogPluginManager: Loaded Plugin OnlineSubsystemSteam, From C:/Program Files (x86)/Epic Games/4.13/Engine/Plugins/Online/OnlineSubsystemSteam/OnlineSubsystemSteam.uplugin
LogPluginManager: Loaded Plugin OnlineSubsystemUtils, From C:/Program Files (x86)/Epic Games/4.13/Engine/Plugins/Online/OnlineSubsystemUtils/OnlineSubsystemUtils.uplugin
LogPluginManager: Loaded Plugin IOSTapJoy, From C:/Program Files (x86)/Epic Games/4.13/Engine/Plugins/Runtime/Advertising/IOSTapJoy/IOSTapJoy.uplugin
LogPluginManager: Loaded Plugin AnalyticsBlueprintLibrary, From C:/Program Files (x86)/Epic Games/4.13/Engine/Plugins/Runtime/Analytics/AnalyticsBlueprintLibrary/AnalyticsBlueprintLibrary.uplugin
LogPluginManager: Loaded Plugin AnalyticsMulticast, From C:/Program Files (x86)/Epic Games/4.13/Engine/Plugins/Runtime/Analytics/AnalyticsMulticast/AnalyticsMulticast.uplugin
LogPluginManager: Loaded Plugin Apsalar, From C:/Program Files (x86)/Epic Games/4.13/Engine/Plugins/Runtime/Analytics/Apsalar/Apsalar.uplugin
LogPluginManager: Loaded Plugin FileLogging, From C:/Program Files (x86)/Epic Games/4.13/Engine/Plugins/Runtime/Analytics/FileLogging/FileLogging.uplugin
LogPluginManager: Loaded Plugin Flurry, From C:/Program Files (x86)/Epic Games/4.13/Engine/Plugins/Runtime/Analytics/Flurry/Flurry.uplugin
LogPluginManager: Loaded Plugin AndroidDeviceProfileSelector, From C:/Program Files (x86)/Epic Games/4.13/Engine/Plugins/Runtime/AndroidDeviceProfileSelector/AndroidDeviceProfileSelector.uplugin
LogPluginManager: Loaded Plugin AndroidMoviePlayer, From C:/Program Files (x86)/Epic Games/4.13/Engine/Plugins/Runtime/AndroidMoviePlayer/AndroidMoviePlayer.uplugin
LogPluginManager: Loaded Plugin AppleMoviePlayer, From C:/Program Files (x86)/Epic Games/4.13/Engine/Plugins/Runtime/AppleMoviePlayer/AppleMoviePlayer.uplugin
LogPluginManager: Loaded Plugin ArchVisCharacter, From C:/Program Files (x86)/Epic Games/4.13/Engine/Plugins/Runtime/ArchVisCharacter/ArchVisCharacter.uplugin
LogPluginManager: Loaded Plugin CableComponent, From C:/Program Files (x86)/Epic Games/4.13/Engine/Plugins/Runtime/CableComponent/CableComponent.uplugin
LogPluginManager: Loaded Plugin CustomMeshComponent, From C:/Program Files (x86)/Epic Games/4.13/Engine/Plugins/Runtime/CustomMeshComponent/CustomMeshComponent.uplugin
LogPluginManager: Loaded Plugin ExampleDeviceProfileSelector, From C:/Program Files (x86)/Epic Games/4.13/Engine/Plugins/Runtime/ExampleDeviceProfileSelector/ExampleDeviceProfileSelector.uplugin
LogPluginManager: Loaded Plugin GearVR, From C:/Program Files (x86)/Epic Games/4.13/Engine/Plugins/Runtime/GearVR/GearVR.uplugin
LogPluginManager: Loaded Plugin GoogleVRController, From C:/Program Files (x86)/Epic Games/4.13/Engine/Plugins/Runtime/GoogleVR/GoogleVRController/GoogleVRController.uplugin
LogPluginManager: Loaded Plugin GoogleVRHMD, From C:/Program Files (x86)/Epic Games/4.13/Engine/Plugins/Runtime/GoogleVR/GoogleVRHMD/GoogleVRHMD.uplugin
LogPluginManager: Loaded Plugin IOSDeviceProfileSelector, From C:/Program Files (x86)/Epic Games/4.13/Engine/Plugins/Runtime/IOSDeviceProfileSelector/IOSDeviceProfileSelector.uplugin
LogPluginManager: Loaded Plugin LeapMotion, From C:/Program Files (x86)/Epic Games/4.13/Engine/Plugins/Runtime/LeapMotion/LeapMotion.uplugin
LogPluginManager: Loaded Plugin LinuxDeviceProfileSelector, From C:/Program Files (x86)/Epic Games/4.13/Engine/Plugins/Runtime/LinuxDeviceProfileSelector/LinuxDeviceProfileSelector.uplugin
LogPluginManager: Loaded Plugin LiveEditorListenServer, From C:/Program Files (x86)/Epic Games/4.13/Engine/Plugins/Runtime/LiveEditorListenServer/LiveEditorListenServer.uplugin
LogPluginManager: Loaded Plugin OculusAudio, From C:/Program Files (x86)/Epic Games/4.13/Engine/Plugins/Runtime/OculusAudio/OculusAudio.uplugin
LogPluginManager: Loaded Plugin OculusInput, From C:/Program Files (x86)/Epic Games/4.13/Engine/Plugins/Runtime/OculusInput/OculusInput.uplugin
LogPluginManager: Loaded Plugin OculusLibrary, From C:/Program Files (x86)/Epic Games/4.13/Engine/Plugins/Runtime/OculusLibrary/OculusLibrary.uplugin
LogPluginManager: Loaded Plugin OculusRift, From C:/Program Files (x86)/Epic Games/4.13/Engine/Plugins/Runtime/OculusRift/OculusRift.uplugin
LogPluginManager: Loaded Plugin Oodle, From C:/Program Files (x86)/Epic Games/4.13/Engine/Plugins/Runtime/PacketHandlers/CompressionComponents/Oodle/Oodle.uplugin
LogPluginManager: Loaded Plugin ProceduralMeshComponent, From C:/Program Files (x86)/Epic Games/4.13/Engine/Plugins/Runtime/ProceduralMeshComponent/ProceduralMeshComponent.uplugin
LogPluginManager: Loaded Plugin SoundMod, From C:/Program Files (x86)/Epic Games/4.13/Engine/Plugins/Runtime/SoundMod/SoundMod.uplugin
LogPluginManager: Loaded Plugin SoundVisualizations, From C:/Program Files (x86)/Epic Games/4.13/Engine/Plugins/Runtime/SoundVisualizations/SoundVisualizations.uplugin
LogPluginManager: Loaded Plugin SteamController, From C:/Program Files (x86)/Epic Games/4.13/Engine/Plugins/Runtime/Steam/SteamController/SteamController.uplugin
LogPluginManager: Loaded Plugin SteamVR, From C:/Program Files (x86)/Epic Games/4.13/Engine/Plugins/Runtime/Steam/SteamVR/SteamVR.uplugin
LogPluginManager: Loaded Plugin WebBrowserWidget, From C:/Program Files (x86)/Epic Games/4.13/Engine/Plugins/Runtime/WebBrowserWidget/WebBrowserWidget.uplugin
LogPluginManager: Loaded Plugin WindowsDeviceProfileSelector, From C:/Program Files (x86)/Epic Games/4.13/Engine/Plugins/Runtime/WindowsDeviceProfileSelector/WindowsDeviceProfileSelector.uplugin
LogPluginManager: Loaded Plugin WindowsMoviePlayer, From C:/Program Files (x86)/Epic Games/4.13/Engine/Plugins/Runtime/WindowsMoviePlayer/WindowsMoviePlayer.uplugin
LogPluginManager: Loaded Plugin ScriptPlugin, From C:/Program Files (x86)/Epic Games/4.13/Engine/Plugins/ScriptPlugin/ScriptPlugin.uplugin
LogPluginManager: Loaded Plugin SlateRemote, From C:/Program Files (x86)/Epic Games/4.13/Engine/Plugins/Slate/SlateRemote/SlateRemote.uplugin
LogInit: Using libcurl 7.47.1
LogInit:  - built for x86_64-pc-win32
LogInit:  - supports SSL with WinSSL
LogInit:  - other features:
LogInit:      CURL_VERSION_SSL
LogInit:      CURL_VERSION_IPV6
LogInit:      CURL_VERSION_ASYNCHDNS
LogInit:      CURL_VERSION_LARGEFILE
LogInit:      CURL_VERSION_IDN
LogInit:  CurlRequestOptions (configurable via config and command line):
LogInit:  - bVerifyPeer = false  - Libcurl will NOT verify peer certificate
LogInit:  - bUseHttpProxy = false  - Libcurl will NOT use HTTP proxy
LogInit:  - bDontReuseConnections = false  - Libcurl will reuse connections
LogInit:  - CertBundlePath = nullptr  - Libcurl will use whatever was configured at build time.
LogInit: Build: ++UE4+Release-4.13-CL-3106830
LogInit: Engine Version: 4.13.0-3106830+++UE4+Release-4.13
LogInit: Compatible Engine Version: 4.13.0-3106830+++UE4+Release-4.13
LogInit: Net CL: 3106830
LogDevObjectVersion: Number of dev versions registered: 13
LogDevObjectVersion:   Dev-Blueprints (B0D832E4-1F89-4F0D-ACCF-7EB736FD4AA2): 5
LogDevObjectVersion:   Dev-Build (E1C64328-A22C-4D53-A36C-8E866417BD8C): 0
LogDevObjectVersion:   Dev-Core (375EC13C-06E4-48FB-B500-84F0262A717E): 1
LogDevObjectVersion:   Dev-Editor (E4B068ED-F494-42E9-A231-DA0B2E46BB41): 6
LogDevObjectVersion:   Dev-Framework (CFFC743F-43B0-4480-9391-14DF171D2073): 12
LogDevObjectVersion:   Dev-Mobile (B02B49B5-BB20-44E9-A304-32B752E40360): 0
LogDevObjectVersion:   Dev-Networking (A4E4105C-59A1-49B5-A7C5-40C4547EDFEE): 0
LogDevObjectVersion:   Dev-Online (39C831C9-5AE6-47DC-9A44-9C173E1C8E7C): 0
LogDevObjectVersion:   Dev-Physics (78F01B33-EBEA-4F98-B9B4-84EACCB95AA2): 0
LogDevObjectVersion:   Dev-Platform (6631380F-2D4D-43E0-8009-CF276956A95A): 0
LogDevObjectVersion:   Dev-Rendering (12F88B9F-8875-4AFC-A67C-D90C383ABD29): 4
LogDevObjectVersion:   Dev-Sequencer (7B5AE74C-D270-4C10-A958-57980B212A5A): 0
LogDevObjectVersion:   Dev-VR (D7296918-1DD6-4BDD-9DE2-64A83CC13884): 0
LogInit: Compiled (64-bit): Aug 30 2016 18:11:39
LogInit: Compiled with Visual C++: 19.00.23026.00
LogInit: Build Configuration: Development
LogInit: Branch Name: ++UE4+Release-4.13
LogInit: Command line:  
LogInit: Base directory: C:/Program Files (x86)/Epic Games/4.13/Engine/Binaries/Win64/
LogInit: Installed Engine Build: 1
LogInit: Presizing for max 8388607 objects, including 0 objects not considered by GC, pre-allocating 0 bytes for permanent pool.
LogInit: Object subsystem initialized
[2016.09.11-09.15.25:710][  0]LogInit: Selected Device Profile: [Windows]
[2016.09.11-09.15.25:710][  0]LogInit: Applying CVar settings loaded from the selected device profile: [Windows]
[2016.09.11-09.15.25:717][  0]LogInit: Computer: KK
[2016.09.11-09.15.25:717][  0]LogInit: User: 和輝
[2016.09.11-09.15.25:717][  0]LogInit: CPU Page size=65536, Cores=4
[2016.09.11-09.15.25:717][  0]LogInit: High frequency timer resolution =3.514604 MHz
[2016.09.11-09.15.25:717][  0]LogMemory: Memory total: Physical=7.9GB (8GB approx)
[2016.09.11-09.15.25:717][  0]LogMemory: Platform Memory Stats for Windows
[2016.09.11-09.15.25:717][  0]LogMemory: Process Physical Memory: 256.27 MB used, 256.27 MB peak
[2016.09.11-09.15.25:717][  0]LogMemory: Process Virtual Memory: 259.91 MB used, 259.91 MB peak
[2016.09.11-09.15.25:717][  0]LogMemory: Physical Memory: 4116.63 MB used, 8111.33 MB total
[2016.09.11-09.15.25:717][  0]LogMemory: Virtual Memory: 623.79 MB used, 134217728.00 MB total
[2016.09.11-09.15.25:748][  0]LogTextLocalizationManager: No specific translations for ('ja-JP') exist, so ('ja') translations will be used.
[2016.09.11-09.15.25:812][  0]LogTextLocalizationManager:Warning: Loaded localization resources contain conflicting entries for (Namespace:UObjectToolTips, Key:AnimNode_BlendSpacePlayer:bLoop):
Localization Resource: (C:/Program Files (x86)/Epic Games/4.13/Engine/Content/Localization/EditorTutorials/ja/EditorTutorials.locres) Source String Hash: (2133979316) Localized String: (再生が最後まで終わった後、ロープ再生するようにしますか？)
Localization Resource: (C:/Program Files (x86)/Epic Games/4.13/Engine/Content/Localization/ToolTips/ja/ToolTips.locres) Source String Hash: (2133979316) Localized String: (ループが最後まで到達した時に、アニメーションのループを継続するべきか？)
[2016.09.11-09.15.25:812][  0]LogTextLocalizationManager:Warning: Loaded localization resources contain conflicting entries for (Namespace:UObjectToolTips, Key:AnimNode_BlendSpacePlayer:X):
Localization Resource: (C:/Program Files (x86)/Epic Games/4.13/Engine/Content/Localization/EditorTutorials/ja/EditorTutorials.locres) Source String Hash: (2060772590) Localized String: (ブレンドスペースで値を取得するX座標)
Localization Resource: (C:/Program Files (x86)/Epic Games/4.13/Engine/Content/Localization/ToolTips/ja/ToolTips.locres) Source String Hash: (2060772590) Localized String: (ブレンドスペースでサンプリングするX座標)
[2016.09.11-09.15.25:812][  0]LogTextLocalizationManager:Warning: Loaded localization resources contain conflicting entries for (Namespace:UObjectToolTips, Key:AnimNode_BlendSpacePlayer:Y):
Localization Resource: (C:/Program Files (x86)/Epic Games/4.13/Engine/Content/Localization/EditorTutorials/ja/EditorTutorials.locres) Source String Hash: (-1719607538) Localized String: (ブレンドスペースで値を取得するY座標)
Localization Resource: (C:/Program Files (x86)/Epic Games/4.13/Engine/Content/Localization/ToolTips/ja/ToolTips.locres) Source String Hash: (-1719607538) Localized String: (ブレンドスペースでサンプリングするY座標)
[2016.09.11-09.15.25:812][  0]LogTextLocalizationManager:Warning: Loaded localization resources contain conflicting entries for (Namespace:UObjectToolTips, Key:AnimNode_BlendSpacePlayer:Z):
Localization Resource: (C:/Program Files (x86)/Epic Games/4.13/Engine/Content/Localization/EditorTutorials/ja/EditorTutorials.locres) Source String Hash: (1728943471) Localized String: (ブレンドスペースで値を取得するZ座標)
Localization Resource: (C:/Program Files (x86)/Epic Games/4.13/Engine/Content/Localization/ToolTips/ja/ToolTips.locres) Source String Hash: (1728943471) Localized String: (ブレンドスペースでサンプリングするZ座標)
[2016.09.11-09.15.25:812][  0]LogTextLocalizationManager:Warning: Loaded localization resources contain conflicting entries for (Namespace:UObjectToolTips, Key:AnimNode_BlendSpacePlayer:BlendSpace):
Localization Resource: (C:/Program Files (x86)/Epic Games/4.13/Engine/Content/Localization/EditorTutorials/ja/EditorTutorials.locres) Source String Hash: (1599043277) Localized String: (再生するブレンドスペースのアセット)
Localization Resource: (C:/Program Files (x86)/Epic Games/4.13/Engine/Content/Localization/ToolTips/ja/ToolTips.locres) Source String Hash: (1599043277) Localized String: (再生するブレンド空間アセット)
[2016.09.11-09.15.25:812][  0]LogTextLocalizationManager:Warning: Loaded localization resources contain conflicting entries for (Namespace:UObjectToolTips, Key:AnimNode_StateMachine:MaxTransitionsPerFrame):
Localization Resource: (C:/Program Files (x86)/Epic Games/4.13/Engine/Content/Localization/EditorTutorials/ja/EditorTutorials.locres) Source String Hash: (1567650430) Localized String: (このマシーンで1フレームあたりに同時に処理できるトランジションの最大数)
Localization Resource: (C:/Program Files (x86)/Epic Games/4.13/Engine/Content/Localization/ToolTips/ja/ToolTips.locres) Source String Hash: (1567650430) Localized String: (単一フレームでマシーンが「同時」に受け取れる遷移の最大数)
[2016.09.11-09.15.25:812][  0]LogTextLocalizationManager:Warning: Loaded localization resources contain conflicting entries for (Namespace:UObjectToolTips, Key:AnimNode_BlendSpacePlayer:PlayRate):
Localization Resource: (C:/Program Files (x86)/Epic Games/4.13/Engine/Content/Localization/EditorTutorials/ja/EditorTutorials.locres) Source String Hash: (-1274923958) Localized String: (再生速度の倍率です。負の数値も使う事ができます。その場合逆再生になります。)
Localization Resource: (C:/Program Files (x86)/Epic Games/4.13/Engine/Content/Localization/ToolTips/ja/ToolTips.locres) Source String Hash: (-1274923958) Localized String: (再生レート乗数。アニメーションを逆再生する負の値にすることができます。)
[2016.09.11-09.15.26:186][  0]LogD3D11RHI: D3D11 adapters:
[2016.09.11-09.15.26:203][  0]LogD3D11RHI:    0. 'NVIDIA GeForce GT 730  ' (Feature Level 11_0)
[2016.09.11-09.15.26:203][  0]LogD3D11RHI:       973/0/4055 MB DedicatedVideo/DedicatedSystem/SharedSystem, Outputs:2, VendorId:0x10de
[2016.09.11-09.15.26:204][  0]LogD3D11RHI:    1. 'Microsoft Basic Render Driver' (Feature Level 11_0)
[2016.09.11-09.15.26:204][  0]LogD3D11RHI:       0/0/4055 MB DedicatedVideo/DedicatedSystem/SharedSystem, Outputs:0, VendorId:0x1414
[2016.09.11-09.15.26:204][  0]LogD3D11RHI: Chosen D3D11 Adapter: 0
[2016.09.11-09.15.26:208][  0]LogD3D11RHI: Creating new Direct3DDevice
[2016.09.11-09.15.26:208][  0]LogD3D11RHI:     GPU DeviceId: 0x1287 (for the marketing name, search the web for "GPU Device Id")
[2016.09.11-09.15.26:208][  0]LogWindows: EnumDisplayDevices:
[2016.09.11-09.15.26:208][  0]LogWindows:    0. 'NVIDIA GeForce GT 730  ' (P:1 D:1)
[2016.09.11-09.15.26:208][  0]LogWindows:    1. 'NVIDIA GeForce GT 730  ' (P:0 D:1)
[2016.09.11-09.15.26:208][  0]LogWindows:    2. 'NVIDIA GeForce GT 730  ' (P:0 D:0)
[2016.09.11-09.15.26:208][  0]LogWindows: DebugString: FoundDriverCount:3 
[2016.09.11-09.15.26:208][  0]LogD3D11RHI:     Adapter Name: NVIDIA GeForce GT 730  
[2016.09.11-09.15.26:208][  0]LogD3D11RHI:   Driver Version: 364.51 (internal:10.18.13.6451, unified:364.51)
[2016.09.11-09.15.26:208][  0]LogD3D11RHI:      Driver Date: 3-7-2016
[2016.09.11-09.15.26:208][  0]LogRHI: Texture pool is 681 MB (70% of 973 MB)
[2016.09.11-09.15.26:218][  0]LogD3D11RHI: Async texture creation enabled
[2016.09.11-09.15.26:233][  0]LogD3D11RHI: GPU Timing Frequency: 1000.000000 (Debug: 2 2)
[2016.09.11-09.15.26:233][  0]LogShaderCompilers: Guid format shader working directory is -19 characters bigger than the processId version (../../../../../../Users/和輝/Documents/Unreal Projects/MyProject/Intermediate/Shaders/WorkingDirectory/1016/).
[2016.09.11-09.15.26:233][  0]LogShaderCompilers: Cleaned the shader compiler working directory 'C:/Users/和輝/AppData/Local/Temp/UnrealShaderWorkingDir/13C2B1584076C3F42E132B9313F5134A/'.
[2016.09.11-09.15.26:233][  0]LogShaderCompilers:Display: Using Local Shader Compiler.
[2016.09.11-09.15.27:162][  0]LogTemp:Display: Loaded TP AllDesktopTargetPlatform
[2016.09.11-09.15.27:171][  0]LogTemp:Display: Loaded TP WindowsClientTargetPlatform
[2016.09.11-09.15.27:178][  0]LogTemp:Display: Loaded TP WindowsNoEditorTargetPlatform
[2016.09.11-09.15.27:186][  0]LogTemp:Display: Loaded TP WindowsServerTargetPlatform
[2016.09.11-09.15.27:194][  0]LogTemp:Display: Loaded TP WindowsTargetPlatform
[2016.09.11-09.15.27:201][  0]LogTemp:Display: Loaded TP AndroidTargetPlatform
[2016.09.11-09.15.27:207][  0]LogTemp:Display: Loaded TP Android_ASTCTargetPlatform
[2016.09.11-09.15.27:213][  0]LogTemp:Display: Loaded TP Android_ATCTargetPlatform
[2016.09.11-09.15.27:219][  0]LogTemp:Display: Loaded TP Android_DXTTargetPlatform
[2016.09.11-09.15.27:225][  0]LogTemp:Display: Loaded TP Android_ETC1TargetPlatform
[2016.09.11-09.15.27:231][  0]LogTemp:Display: Loaded TP Android_ETC2TargetPlatform
[2016.09.11-09.15.27:243][  0]LogTemp:Display: Loaded TP Android_MultiTargetPlatform
[2016.09.11-09.15.27:243][  0]LogTemp:Display: Loaded TP Android_PVRTCTargetPlatform
[2016.09.11-09.15.27:244][  0]LogTemp:Display: Loaded TP HTML5TargetPlatform
[2016.09.11-09.15.27:263][  0]LogTemp:Display: Loaded TP IOSTargetPlatform
[2016.09.11-09.15.27:269][  0]LogTemp:Display: Loaded TP TVOSTargetPlatform
[2016.09.11-09.15.27:275][  0]LogTemp:Display: Loaded TP LinuxClientTargetPlatform
[2016.09.11-09.15.27:280][  0]LogTemp:Display: Loaded TP LinuxNoEditorTargetPlatform
[2016.09.11-09.15.27:286][  0]LogTemp:Display: Loaded TP LinuxServerTargetPlatform
[2016.09.11-09.15.27:292][  0]LogTemp:Display: Loaded TP LinuxTargetPlatform
[2016.09.11-09.15.27:292][  0]LogTargetPlatformManager:Display: Building Assets For Windows
[2016.09.11-09.15.27:374][  0]LogDerivedDataCache:Display: Max Cache Size: 512 MB
[2016.09.11-09.15.27:438][  0]LogDerivedDataCache: Loaded boot cache 0.06s 62MB C:/Users/和輝/AppData/Local/UnrealEngine/4.13/DerivedDataCache/Boot.ddc.
[2016.09.11-09.15.27:439][  0]LogDerivedDataCache:Display: Loaded Boot cache: C:/Users/和輝/AppData/Local/UnrealEngine/4.13/DerivedDataCache/Boot.ddc
[2016.09.11-09.15.27:439][  0]LogDerivedDataCache: FDerivedDataBackendGraph:  Pak pak cache file ../../../../../../Users/和輝/Documents/Unreal Projects/MyProject/DerivedDataCache/DDC.ddp not found, will not use a pak cache.
[2016.09.11-09.15.27:439][  0]LogDerivedDataCache: Unable to find inner node Pak for hierarchical cache Hierarchy.
[2016.09.11-09.15.27:439][  0]LogDerivedDataCache: FDerivedDataBackendGraph:  CompressedPak pak cache file ../../../../../../Users/和輝/Documents/Unreal Projects/MyProject/DerivedDataCache/Compressed.ddp not found, will not use a pak cache.
[2016.09.11-09.15.27:439][  0]LogDerivedDataCache: Unable to find inner node CompressedPak for hierarchical cache Hierarchy.
[2016.09.11-09.15.27:454][  0]LogDerivedDataCache:Display: Pak cache opened for reading ../../../Engine/DerivedDataCache/Compressed.ddp.
[2016.09.11-09.15.27:467][  0]LogDerivedDataCache: Using Local data cache path C:/Users/和輝/AppData/Local/UnrealEngine/Common/DerivedDataCache: Writable
[2016.09.11-09.15.27:649][  0]LogInit: Selected Device Profile: [Windows]
[2016.09.11-09.15.27:651][  0]LogContentStreaming: Texture pool size is 0.00 MB
[2016.09.11-09.15.27:733][  0]LogMeshUtilities: No automatic mesh reduction module available
[2016.09.11-09.15.27:733][  0]LogMeshUtilities: No automatic mesh merging module available
[2016.09.11-09.15.27:733][  0]LogMeshUtilities: No distributed automatic mesh merging module available
[2016.09.11-09.15.27:796][  0]LogMaterial: Uniform references updated for custom material expression Custom.
[2016.09.11-09.15.28:060][  0]LogNetVersion: GetLocalNetworkVersion: CL: 3106830, ProjectName: myproject, ProjectVersion: , EngineNetworkVersion: 1, GameNetworkVersion: 0, NetworkChecksum: 2048413030
[2016.09.11-09.15.28:094][  0]LogAssetRegistry: FAssetRegistry took 0.0211 seconds to start up
[2016.09.11-09.15.28:122][  0]LogPackageLocalizationCache: Processed 3 localized package path(s) for 2 prioritized culture(s) in 0.025081 seconds
[2016.09.11-09.15.28:128][  0]LogUObjectArray: 29777 objects as part of root set at end of initial load.
[2016.09.11-09.15.28:128][  0]LogUObjectAllocator: 6124696 out of 0 bytes used by permanent object pool.
[2016.09.11-09.15.28:128][  0]LogUObjectArray: CloseDisregardForGC: 0/0 objects in disregard for GC pool
[2016.09.11-09.15.28:136][  0]LogInit: WinSock: version 1.1 (2.2), MaxSocks=32767, MaxUdp=65467
[2016.09.11-09.15.28:332][  0]LogSlate: SlateFontCache - WITH_FREETYPE: 1, WITH_HARFBUZZ: 1
[2016.09.11-09.15.28:332][  0]LogSlate: SlateFontCache - WITH_FREETYPE: 1, WITH_HARFBUZZ: 1
[2016.09.11-09.15.29:105][  0]LogUdpMessaging: Initializing bridge on interface 0.0.0.0:0 to multicast group 230.0.0.1:6666.
[2016.09.11-09.15.29:330][  0]SourceControl: 情報 ソースコントロールは無効です
[2016.09.11-09.15.29:386][  0]SourceControl: 情報 ソースコントロールは無効です
[2016.09.11-09.15.29:396][  0]SourceControl: 情報 ソースコントロールは無効です
[2016.09.11-09.15.29:406][  0]SourceControl: 情報 ソースコントロールは無効です
[2016.09.11-09.15.29:708][  0]LogEngine: Initializing Engine...
[2016.09.11-09.15.29:709][  0]LogHMD: Failed to initialize OpenVR with code 110
[2016.09.11-09.15.29:834][  0]LogAIModule: Creating AISystem for world Untitled
[2016.09.11-09.15.29:843][  0]LogInit: XAudio2 using 'ライン (Steinberg UR22)' : 2 channels at 44.1 kHz using 24 bits per sample (channel mask 0x3)
[2016.09.11-09.15.29:850][  0]LogInit: FAudioDevice initialized.
[2016.09.11-09.15.29:885][  0]LogDerivedDataCache: Saved boot cache 0.03s 62MB C:/Users/和輝/AppData/Local/UnrealEngine/4.13/DerivedDataCache/Boot.ddc.
[2016.09.11-09.15.29:893][  0]LogInit: Texture streaming: Enabled
[2016.09.11-09.15.29:924][  0]LogInit: Transaction tracking system initialized
[2016.09.11-09.15.29:956][  0]BlueprintLog: New page: エディタの読み込み
[2016.09.11-09.15.30:048][  0]LocalizationService: 情報 ローカライズのサービスが無効になりました
[2016.09.11-09.15.30:140][  0]LogConsoleResponse:Display: 
[2016.09.11-09.15.30:238][  0]LogCook:Display: Max memory allowance for cook 16384mb min free memory 0mb
[2016.09.11-09.15.30:238][  0]LogCook:Display: Mobile HDR setting 1
[2016.09.11-09.15.30:411][  0]LogFileCache: Scanning file cache for directory 'C:/Users/和輝/Documents/Unreal Projects/MyProject/Content/' took 0.01s
[2016.09.11-09.15.30:411][  0]SourceControl: 情報 ソースコントロールは無効です
[2016.09.11-09.15.30:411][  0]Cmd: MAP LOAD FILE="../../../../../../Users/和輝/Documents/Unreal Projects/MyProject/Content/StarterContent/Maps/Minimal_Default.umap" TEMPLATE=0 SHOWPROGRESS=1 FEATURELEVEL=3
[2016.09.11-09.15.30:411][  0]LightingResults: New page: ライティングのビルド
[2016.09.11-09.15.30:415][  0]MapCheck: New page: マップをチェック
[2016.09.11-09.15.30:415][  0]LightingResults: New page: <何も選択されていません>
[2016.09.11-09.15.30:670][  0]LogAIModule: Creating AISystem for world Minimal_Default
[2016.09.11-09.15.30:676][  0]LogEditorServer: Finished looking for orphan Actors (0.000 secs)
[2016.09.11-09.15.30:677][  0]Cmd: MAP CHECKDEP NOCLEARLOG
[2016.09.11-09.15.30:755][  0]MapCheck: 情報 マップチェックが完了: 0 エラー、 0 警告、完了に 77.902ミリ秒かかりました。
[2016.09.11-09.15.30:755][  0]LogFileHelpers: Loading map 'Minimal_Default' took 0.345
[2016.09.11-09.15.30:868][  0]LogCollectionManager: Loaded 0 collections in 0.002250 seconds
[2016.09.11-09.15.30:907][  0]LogFileCache: Scanning file cache for directory 'C:/Users/和輝/Documents/Unreal Projects/MyProject/Saved/Collections/' took 0.01s
[2016.09.11-09.15.30:907][  0]LogFileCache: Scanning file cache for directory 'C:/Users/和輝/Documents/Unreal Projects/MyProject/Content/Developers/和輝/Collections/' took 0.01s
[2016.09.11-09.15.30:907][  0]LogFileCache: Scanning file cache for directory 'C:/Users/和輝/Documents/Unreal Projects/MyProject/Content/Collections/' took 0.01s
[2016.09.11-09.15.30:907][  0]LogCollectionManager: Rebuilt the GUID cache for 0 collections in 0.000003 seconds
[2016.09.11-09.15.30:914][  0]LogContentBrowser: Native class hierarchy populated in 0.0072 seconds. Added 2141 classes and 415 folders.
[2016.09.11-09.15.30:918][  0]LogStats: UGameplayTagsManager::ConstructGameplayTagTree: Construct from data asset -  0.000 s
[2016.09.11-09.15.30:918][  0]LogStats: UGameplayTagsManager::ConstructGameplayTagTree: GameplayTagTreeChangedEvent.Broadcast -  0.000 s
[2016.09.11-09.15.30:919][  0]LogContentBrowser: Native class hierarchy updated for 'GameplayTags' in 0.0004 seconds. Added 12 classes and 0 folders.
[2016.09.11-09.15.30:924][  0]LogContentBrowser: Native class hierarchy updated for 'WidgetCarousel' in 0.0003 seconds. Added 0 classes and 0 folders.
[2016.09.11-09.15.30:971][  0]LogContentBrowser: Native class hierarchy updated for 'AddContentDialog' in 0.0004 seconds. Added 0 classes and 0 folders.
[2016.09.11-09.15.30:977][  0]LogContentBrowser: Native class hierarchy updated for 'SceneOutliner' in 0.0004 seconds. Added 1 classes and 2 folders.
[2016.09.11-09.15.30:989][  0]LogCrashTracker: Crashtracker disabled due to settings.
[2016.09.11-09.15.30:993][  0]LogUObjectGlobals:Warning: オブジェクト 'Class なし.' が見つかりませんでした
[2016.09.11-09.15.31:020][  0]LogContentBrowser: Native class hierarchy updated for 'HierarchicalLODOutliner' in 0.0004 seconds. Added 1 classes and 2 folders.
[2016.09.11-09.15.31:020][  0]LogLoad: (Engine Initialization) Total time: 6.22 seconds
[2016.09.11-09.15.31:020][  0]LogLoad: (Engine Initialization) Total Blueprint compile time: 0.04 seconds
[2016.09.11-09.15.31:020][  0]LogExternalProfiler: Found external profiler: VSPerf
[2016.09.11-09.15.31:020][  0]LogExternalProfiler: Using external profiler: VSPerf
[2016.09.11-09.15.31:032][  0]LogWindowsTextInputMethodSystem:Display: IME system now activated using TSF (Google 日本語入力).
[2016.09.11-09.15.31:032][  0]LogOcInput: OculusInput pre-init called
[2016.09.11-09.15.31:049][  0]LogContentStreaming: Texture pool size now 1000 MB
[2016.09.11-09.15.31:169][  0]LogRenderer: Reallocating scene render targets to support 388x396 (Frame:2).
[2016.09.11-09.15.31:235][  1]LogAssetRegistry: Asset discovery search completed in 3.1622 seconds
[2016.09.11-09.15.31:235][  1]LogCollectionManager: Rebuilt the object cache for 0 collections in 0.000001 seconds (found 0 objects)
[2016.09.11-09.15.31:235][  1]LogCollectionManager: Fixed up redirectors for 0 collections in 0.000019 seconds (updated 0 objects)
[2016.09.11-09.15.44:636][414]Cmd: MAP LOAD FILE="../../../Engine/Content/Maps/Templates/Template_Default.umap" TEMPLATE=1 SHOWPROGRESS=1 FEATURELEVEL=3
[2016.09.11-09.15.44:662][414]LightingResults: New page: ライティングのビルド
[2016.09.11-09.15.44:663][414]LoadErrors: New page: マップをロード中: Template_Default.umap
[2016.09.11-09.15.44:667][414]MapCheck: New page: マップをチェック
[2016.09.11-09.15.44:667][414]LightingResults: New page: <何も選択されていません>
[2016.09.11-09.15.44:706][414]LogAIModule: Creating AISystem for world Untitled_1
[2016.09.11-09.15.44:716][414]LogEditorServer: Finished looking for orphan Actors (0.000 secs)
[2016.09.11-09.15.44:725][414]Cmd: MAP CHECKDEP NOCLEARLOG
[2016.09.11-09.15.44:804][414]MapCheck: 情報 マップチェックが完了: 0 エラー、 0 警告、完了に 77.879ミリ秒かかりました。
[2016.09.11-09.15.44:804][414]LogFileHelpers: Loading map 'Template_Default' took 0.169
[2016.09.11-09.15.54:368][ 42]Cmd: OBJ SAVEPACKAGE PACKAGE="/Game/NewMap" FILE="../../../../../../Users/和輝/Documents/Unreal Projects/MyProject/Content/NewMap.umap" SILENT=true AUTOSAVING=false KEEPDIRTY=false
[2016.09.11-09.15.54:399][ 42]LogSavePackage: Save=18.74ms
[2016.09.11-09.15.54:399][ 42]LogSavePackage: Moving '../../../../../../Users/和輝/Documents/Unreal Projects/MyProject/Saved/NewMap762A103141C4AB59BC72F287D61A4DFA.tmp' to '../../../../../../Users/和輝/Documents/Unreal Projects/MyProject/Content/NewMap.umap'
[2016.09.11-09.15.54:400][ 42]LogSavePackage:Display: Finished SavePackage ../../../../../../Users/和輝/Documents/Unreal Projects/MyProject/Content/NewMap.umap
[2016.09.11-09.15.54:414][ 42]LogFileHelpers: Saving map 'NewMap' took 0.518
[2016.09.11-09.16.02:793][ 15]Cmd: OBJ SAVEPACKAGE PACKAGE="/Game/NewMap" FILE="../../../../../../Users/和輝/Documents/Unreal Projects/MyProject/Content/NewMap.umap" SILENT=true AUTOSAVING=false KEEPDIRTY=false
[2016.09.11-09.16.02:823][ 15]LogSavePackage: Save=19.10ms
[2016.09.11-09.16.02:823][ 15]LogSavePackage: Moving '../../../../../../Users/和輝/Documents/Unreal Projects/MyProject/Saved/NewMap204EF3D34B0493A27FB0E7840F05B71E.tmp' to '../../../../../../Users/和輝/Documents/Unreal Projects/MyProject/Content/NewMap.umap'
[2016.09.11-09.16.02:826][ 15]LogSavePackage:Display: Finished SavePackage ../../../../../../Users/和輝/Documents/Unreal Projects/MyProject/Content/NewMap.umap
[2016.09.11-09.16.06:143][392]LogPlayLevel: PlayLevel: No blueprints needed recompiling
[2016.09.11-09.16.06:143][392]PIE: New page: PIEセッション: NewMap (2016/09/12 3:16:06)
[2016.09.11-09.16.06:143][392]LogPlayLevel: Creating play world package: /Game/UEDPIE_0_NewMap
[2016.09.11-09.16.06:146][392]LogPlayLevel: PIE: StaticDuplicateObject took: (0.002506s)
[2016.09.11-09.16.06:147][392]LogAIModule: Creating AISystem for world NewMap
[2016.09.11-09.16.06:147][392]LogPlayLevel: PIE: World Init took: (0.001046s)
[2016.09.11-09.16.06:147][392]LogPlayLevel: PIE: Created PIE world by copying editor world from /Game/NewMap.NewMap to /Game/UEDPIE_0_NewMap.NewMap (0.003777s)
[2016.09.11-09.16.06:165][392]LogInit: XAudio2 using 'ライン (Steinberg UR22)' : 2 channels at 44.1 kHz using 24 bits per sample (channel mask 0x3)
[2016.09.11-09.16.06:169][392]LogInit: FAudioDevice initialized.
[2016.09.11-09.16.06:212][392]LogWorld: Game class is 'GameMode'
[2016.09.11-09.16.06:214][392]LogWorld: Bringing World /Game/UEDPIE_0_NewMap.NewMap up for play (max tick rate 0) at 2016.09.11-18.16.06
[2016.09.11-09.16.06:214][392]LogWorld: Bringing up level for play took: 0.001455
[2016.09.11-09.16.06:218][392]LogContentBrowser: Native class hierarchy updated for 'MovieSceneCapture' in 0.0005 seconds. Added 11 classes and 0 folders.
[2016.09.11-09.16.06:218][392]LogGameMode:Display: Match State Changed from EnteringMap to WaitingToStart
[2016.09.11-09.16.06:218][392]LogGameState: Match State Changed from EnteringMap to WaitingToStart
[2016.09.11-09.16.06:218][392]LogGameMode:Display: Match State Changed from WaitingToStart to InProgress
[2016.09.11-09.16.06:219][392]LogBlueprintUserMessages: [Actor_Blueprint_100] Hello
[2016.09.11-09.16.06:219][392]LogGameState: Match State Changed from WaitingToStart to InProgress
[2016.09.11-09.16.06:219][392]PIE: 情報 /Game/UEDPIE_0_NewMap 0.442のプレイ イン エディタの開始時間
[2016.09.11-09.16.08:475][611]LogWindowsTextInputMethodSystem:Display: IME system now activated using TSF (Google 日本語入力).
[2016.09.11-09.16.08:681][612]Cmd: QUIT_EDITOR
[2016.09.11-09.16.09:400][612]LogExit: Preparing to exit.
[2016.09.11-09.16.10:226][612]LogDirectoryWatcher: A directory notification for 'C:/Users/和輝/Documents/Unreal Projects/MyProject/Content/' was aborted.
[2016.09.11-09.16.10:239][612]LogExit: Editor shut down
[2016.09.11-09.16.10:239][612]LogExit: Transaction tracking system shut down
[2016.09.11-09.16.10:359][612]LogObj: Freed 0b from 0 cluster array pools.
[2016.09.11-09.16.10:359][612]LogExit: Object subsystem successfully closed.
[2016.09.11-09.16.10:370][612]LogD3D11RHI: Shutdown
[2016.09.11-09.16.10:371][612]LogD3D11RHI: CleanupD3DDevice
[2016.09.11-09.16.10:400][612]LogD3D11RHI: ~FD3D11DynamicRHI
[2016.09.11-09.16.10:417][612]LogModuleManager: Shutting down and abandoning module MovieSceneCapture (235)
[2016.09.11-09.16.10:417][612]LogModuleManager: Shutting down and abandoning module NewLevelDialog (234)
[2016.09.11-09.16.10:417][612]LogModuleManager: Shutting down and abandoning module HierarchicalLODOutliner (233)
[2016.09.11-09.16.10:418][612]LogModuleManager: Shutting down and abandoning module CrashTracker (232)
[2016.09.11-09.16.10:418][612]LogModuleManager: Shutting down and abandoning module SceneOutliner (231)
[2016.09.11-09.16.10:418][612]LogModuleManager: Shutting down and abandoning module WidgetCarousel (230)
[2016.09.11-09.16.10:418][612]LogModuleManager: Shutting down and abandoning module AddContentDialog (229)
[2016.09.11-09.16.10:418][612]LogDirectoryWatcher: A directory notification for 'C:/Program Files (x86)/Epic Games/4.13/FeaturePacks/' was aborted.
[2016.09.11-09.16.10:418][612]LogModuleManager: Shutting down and abandoning module GameplayTags (228)
[2016.09.11-09.16.10:418][612]LogModuleManager: Shutting down and abandoning module EditorWidgets (227)
[2016.09.11-09.16.10:418][612]LogModuleManager: Shutting down and abandoning module CollectionManager (226)
[2016.09.11-09.16.10:418][612]LogDirectoryWatcher: A directory notification for 'C:/Users/和輝/Documents/Unreal Projects/MyProject/Content/Collections/' was aborted.
[2016.09.11-09.16.10:418][612]LogDirectoryWatcher: A directory notification for 'C:/Users/和輝/Documents/Unreal Projects/MyProject/Content/Developers/和輝/Collections/' was aborted.
[2016.09.11-09.16.10:418][612]LogDirectoryWatcher: A directory notification for 'C:/Users/和輝/Documents/Unreal Projects/MyProject/Saved/Collections/' was aborted.
[2016.09.11-09.16.10:418][612]LogModuleManager: Shutting down and abandoning module StatsViewer (225)
[2016.09.11-09.16.10:418][612]LogModuleManager: Shutting down and abandoning module FoliageEdit (224)
[2016.09.11-09.16.10:418][612]LogModuleManager: Shutting down and abandoning module LandscapeEditor (223)
[2016.09.11-09.16.10:418][612]LogModuleManager: Shutting down and abandoning module SceneDepthPickerMode (222)
[2016.09.11-09.16.10:418][612]LogModuleManager: Shutting down and abandoning module ActorPickerMode (221)
[2016.09.11-09.16.10:419][612]LogModuleManager: Shutting down and abandoning module GeometryMode (220)
[2016.09.11-09.16.10:419][612]LogModuleManager: Shutting down and abandoning module TextureAlignMode (219)
[2016.09.11-09.16.10:419][612]LogModuleManager: Shutting down and abandoning module BspMode (218)
[2016.09.11-09.16.10:419][612]LogModuleManager: Shutting down and abandoning module HardwareSurvey (217)
[2016.09.11-09.16.10:419][612]LogModuleManager: Shutting down and abandoning module SequenceRecorderSections (216)
[2016.09.11-09.16.10:419][612]LogModuleManager: Shutting down and abandoning module SequenceRecorder (215)
[2016.09.11-09.16.10:419][612]LogModuleManager: Shutting down and abandoning module AutomationWorker (214)
[2016.09.11-09.16.10:419][612]LogModuleManager: Shutting down and abandoning module MatineeToLevelSequence (213)
[2016.09.11-09.16.10:419][612]LogModuleManager: Shutting down and abandoning module PlacementMode (212)
[2016.09.11-09.16.10:419][612]LogModuleManager: Shutting down and abandoning module LevelSequenceEditor (211)
[2016.09.11-09.16.10:419][612]LogModuleManager: Shutting down and abandoning module WmfMediaFactory (210)
[2016.09.11-09.16.10:419][612]LogModuleManager: Shutting down and abandoning module WmfMediaEditor (209)
[2016.09.11-09.16.10:419][612]LogModuleManager: Shutting down and abandoning module AvfMediaFactory (208)
[2016.09.11-09.16.10:419][612]LogModuleManager: Shutting down and abandoning module AvfMediaEditor (207)
[2016.09.11-09.16.10:419][612]LogModuleManager: Shutting down and abandoning module Media (206)
[2016.09.11-09.16.10:419][612]LogModuleManager: Shutting down and abandoning module AndroidMediaFactory (205)
[2016.09.11-09.16.10:419][612]LogModuleManager: Shutting down and abandoning module AndroidMediaEditor (204)
[2016.09.11-09.16.10:419][612]LogModuleManager: Shutting down and abandoning module CharacterAI (203)
[2016.09.11-09.16.10:419][612]LogModuleManager: Shutting down and abandoning module SmartSnapping (202)
[2016.09.11-09.16.10:419][612]LogModuleManager: Shutting down and abandoning module SessionServices (201)
[2016.09.11-09.16.10:419][612]LogModuleManager: Shutting down and abandoning module ViewportSnapping (200)
[2016.09.11-09.16.10:419][612]LogModuleManager: Shutting down and abandoning module ViewportInteraction (199)
[2016.09.11-09.16.10:419][612]LogModuleManager: Shutting down and abandoning module LogVisualizer (198)
[2016.09.11-09.16.10:419][612]LogModuleManager: Shutting down and abandoning module GameProjectGeneration (197)
[2016.09.11-09.16.10:419][612]LogModuleManager: Shutting down and abandoning module IntroTutorials (196)
[2016.09.11-09.16.10:419][612]LogModuleManager: Shutting down and abandoning module EditorLiveStreaming (195)
[2016.09.11-09.16.10:419][612]LogModuleManager: Shutting down and abandoning module IOSPlatformEditor (194)
[2016.09.11-09.16.10:419][612]LogModuleManager: Shutting down and abandoning module HTML5PlatformEditor (193)
[2016.09.11-09.16.10:419][612]LogModuleManager: Shutting down and abandoning module AndroidDeviceDetection (192)
[2016.09.11-09.16.11:114][612]LogModuleManager: Shutting down and abandoning module AndroidPlatformEditor (191)
[2016.09.11-09.16.11:114][612]LogModuleManager: Shutting down and abandoning module IOSRuntimeSettings (190)
[2016.09.11-09.16.11:114][612]LogModuleManager: Shutting down and abandoning module AndroidRuntimeSettings (189)
[2016.09.11-09.16.11:114][612]LogModuleManager: Shutting down and abandoning module NiagaraEditor (188)
[2016.09.11-09.16.11:114][612]LogModuleManager: Shutting down and abandoning module MergeActors (187)
[2016.09.11-09.16.11:114][612]LogModuleManager: Shutting down and abandoning module SizeMap (186)
[2016.09.11-09.16.11:114][612]LogModuleManager: Shutting down and abandoning module TreeMap (185)
[2016.09.11-09.16.11:114][612]LogModuleManager: Shutting down and abandoning module ReferenceViewer (184)
[2016.09.11-09.16.11:114][612]LogModuleManager: Shutting down and abandoning module LocalizationService (183)
[2016.09.11-09.16.11:114][612]LogModuleManager: Shutting down and abandoning module LocalizationDashboard (182)
[2016.09.11-09.16.11:114][612]LogModuleManager: Shutting down and abandoning module HardwareTargeting (181)
[2016.09.11-09.16.11:114][612]LogModuleManager: Shutting down and abandoning module DeviceProfileEditor (180)
[2016.09.11-09.16.11:114][612]LogModuleManager: Shutting down and abandoning module UndoHistory (179)
[2016.09.11-09.16.11:114][612]LogModuleManager: Shutting down and abandoning module UserFeedback (178)
[2016.09.11-09.16.11:114][612]LogModuleManager: Shutting down and abandoning module XmlParser (177)
[2016.09.11-09.16.11:114][612]LogModuleManager: Shutting down and abandoning module Blutility (176)
[2016.09.11-09.16.11:114][612]LogModuleManager: Shutting down and abandoning module ProjectTargetPlatformEditor (175)
[2016.09.11-09.16.11:114][612]LogModuleManager: Shutting down and abandoning module ProjectSettingsViewer (174)
[2016.09.11-09.16.11:114][612]LogModuleManager: Shutting down and abandoning module InputBindingEditor (173)
[2016.09.11-09.16.11:115][612]LogModuleManager: Shutting down and abandoning module EditorSettingsViewer (172)
[2016.09.11-09.16.11:115][612]LogModuleManager: Shutting down and abandoning module SettingsEditor (171)
[2016.09.11-09.16.11:115][612]LogModuleManager: Shutting down and abandoning module ProjectLauncher (170)
[2016.09.11-09.16.11:115][612]LogModuleManager: Shutting down and abandoning module SessionFrontend (169)
[2016.09.11-09.16.11:115][612]LogModuleManager: Shutting down and abandoning module ProfilerClient (168)
[2016.09.11-09.16.11:115][612]LogModuleManager: Shutting down and abandoning module TargetDeviceServices (167)
[2016.09.11-09.16.11:115][612]LogModuleManager: Shutting down and abandoning module DeviceManager (166)
[2016.09.11-09.16.11:157][612]LogModuleManager: Shutting down and abandoning module AutomationController (165)
[2016.09.11-09.16.11:157][612]LogModuleManager: Shutting down and abandoning module AutomationWindow (164)
[2016.09.11-09.16.11:157][612]LogModuleManager: Shutting down and abandoning module Layers (163)
[2016.09.11-09.16.11:157][612]LogModuleManager: Shutting down and abandoning module ComponentVisualizers (162)
[2016.09.11-09.16.11:157][612]LogModuleManager: Shutting down and abandoning module DetailCustomizations (161)
[2016.09.11-09.16.11:157][612]LogModuleManager: Shutting down and abandoning module PackagesDialog (160)
[2016.09.11-09.16.11:157][612]LogModuleManager: Shutting down and abandoning module AnimGraph (159)
[2016.09.11-09.16.11:157][612]LogModuleManager: Shutting down and abandoning module Persona (158)
[2016.09.11-09.16.11:157][612]LogModuleManager: Shutting down and abandoning module Kismet (157)
[2016.09.11-09.16.11:157][612]LogModuleManager: Shutting down and abandoning module GraphEditor (156)
[2016.09.11-09.16.11:157][612]LogModuleManager: Shutting down and abandoning module ClassViewer (155)
[2016.09.11-09.16.11:157][612]LogModuleManager: Shutting down and abandoning module Toolbox (154)
[2016.09.11-09.16.11:157][612]LogModuleManager: Shutting down and abandoning module ModuleUI (153)
[2016.09.11-09.16.11:157][612]LogModuleManager: Shutting down and abandoning module MovieSceneTools (152)
[2016.09.11-09.16.11:157][612]LogModuleManager: Shutting down and abandoning module OutputLog (151)
[2016.09.11-09.16.11:157][612]LogModuleManager: Shutting down and abandoning module GammaUI (150)
[2016.09.11-09.16.11:157][612]LogModuleManager: Shutting down and abandoning module Documentation (149)
[2016.09.11-09.16.11:157][612]LogModuleManager: Shutting down and abandoning module Niagara (148)
[2016.09.11-09.16.11:157][612]LogModuleManager: Shutting down and abandoning module StreamingPauseRendering (147)
[2016.09.11-09.16.11:157][612]LogModuleManager: Shutting down and abandoning module AnalyticsET (146)
[2016.09.11-09.16.11:157][612]LogModuleManager: Shutting down and abandoning module PortalServices (145)
[2016.09.11-09.16.11:157][612]LogModuleManager: Shutting down and abandoning module PortalRpc (144)
[2016.09.11-09.16.11:157][612]LogModuleManager: Shutting down and abandoning module MessagingRpc (143)
[2016.09.11-09.16.11:157][612]LogModuleManager: Shutting down and abandoning module GameplayDebugger (142)
[2016.09.11-09.16.11:157][612]LogModuleManager: Shutting down and abandoning module AITestSuite (141)
[2016.09.11-09.16.11:157][612]LogModuleManager: Shutting down and abandoning module AIModule (140)
[2016.09.11-09.16.11:157][612]LogModuleManager: Shutting down and abandoning module ProfilerService (139)
[2016.09.11-09.16.11:209][612]LogModuleManager: Shutting down and abandoning module TaskGraph (138)
[2016.09.11-09.16.11:209][612]LogModuleManager: Shutting down and abandoning module SlateRemote (137)
[2016.09.11-09.16.11:209][612]LogModuleManager: Shutting down and abandoning module SteamVRController (136)
[2016.09.11-09.16.11:209][612]LogModuleManager: Shutting down and abandoning module SteamVR (135)
[2016.09.11-09.16.11:209][612]LogModuleManager: Shutting down and abandoning module ProceduralMeshComponentEditor (134)
[2016.09.11-09.16.11:209][612]LogModuleManager: Shutting down and abandoning module ProceduralMeshComponent (133)
[2016.09.11-09.16.11:209][612]LogModuleManager: Shutting down and abandoning module OculusLibrary (132)
[2016.09.11-09.16.11:209][612]LogModuleManager: Shutting down and abandoning module OculusInput (131)
[2016.09.11-09.16.11:209][612]LogModuleManager: Shutting down and abandoning module CustomMeshComponent (130)
[2016.09.11-09.16.11:209][612]LogModuleManager: Shutting down and abandoning module CableComponent (129)
[2016.09.11-09.16.11:209][612]LogModuleManager: Shutting down and abandoning module ArchVisCharacter (128)
[2016.09.11-09.16.11:209][612]LogModuleManager: Shutting down and abandoning module MediaPlayerEditor (126)
[2016.09.11-09.16.11:209][612]LogModuleManager: Shutting down and abandoning module HTML5Networking (125)
[2016.09.11-09.16.11:209][612]LogModuleManager: Shutting down and abandoning module GeometryCacheEd (124)
[2016.09.11-09.16.11:209][612]LogModuleManager: Shutting down and abandoning module GeometryCache (123)
[2016.09.11-09.16.11:209][612]LogModuleManager: Shutting down and abandoning module AlembicLibrary (122)
[2016.09.11-09.16.11:209][612]LogModuleManager: Shutting down and abandoning module AlembicImporter (121)
[2016.09.11-09.16.11:209][612]LogModuleManager: Shutting down and abandoning module SuperSearch (120)
[2016.09.11-09.16.11:209][612]LogModuleManager: Shutting down and abandoning module SuperSearchEditor (119)
[2016.09.11-09.16.11:209][612]LogModuleManager: Shutting down and abandoning module SpeedTreeImporter (118)
[2016.09.11-09.16.11:209][612]LogModuleManager: Shutting down and abandoning module PluginBrowser (117)
[2016.09.11-09.16.11:209][612]LogModuleManager: Shutting down and abandoning module MobileLauncherProfileWizard (116)
[2016.09.11-09.16.11:209][612]LogModuleManager: Shutting down and abandoning module EpicSurvey (115)
[2016.09.11-09.16.11:209][612]LogModuleManager: Shutting down and abandoning module DesktopPlatform (114)
[2016.09.11-09.16.11:209][612]LogModuleManager: Shutting down and abandoning module VisualStudioSourceCodeAccess (113)
[2016.09.11-09.16.11:209][612]LogModuleManager: Shutting down and abandoning module UObjectPlugin (112)
[2016.09.11-09.16.11:209][612]LogModuleManager: Shutting down and abandoning module SubversionSourceControl (111)
[2016.09.11-09.16.11:209][612]LogModuleManager: Shutting down and abandoning module PerforceSourceControl (110)
[2016.09.11-09.16.11:209][612]LogModuleManager: Shutting down and abandoning module SourceControl (109)
[2016.09.11-09.16.11:209][612]LogModuleManager: Shutting down and abandoning module GitSourceControl (108)
[2016.09.11-09.16.11:209][612]LogModuleManager: Shutting down and abandoning module LightPropagationVolumeEditor (107)
[2016.09.11-09.16.11:209][612]LogModuleManager: Shutting down and abandoning module PaperTiledImporter (106)
[2016.09.11-09.16.11:209][612]LogModuleManager: Shutting down and abandoning module PaperSpriteSheetImporter (105)
[2016.09.11-09.16.11:209][612]LogModuleManager: Shutting down and abandoning module MeshPaint (104)
[2016.09.11-09.16.11:209][612]LogModuleManager: Shutting down and abandoning module FbxAutomationBuilderModule (103)
[2016.09.11-09.16.11:209][612]LogModuleManager: Shutting down and abandoning module PixelInspectorModule (102)
[2016.09.11-09.16.11:209][612]LogModuleManager: Shutting down and abandoning module HotReload (101)
[2016.09.11-09.16.11:210][612]LogModuleManager: Shutting down and abandoning module MainFrame (100)
[2016.09.11-09.16.11:210][612]LogModuleManager: Shutting down and abandoning module LevelEditor (99)
[2016.09.11-09.16.11:210][612]LogModuleManager: Shutting down and abandoning module ContentBrowser (98)
[2016.09.11-09.16.11:211][612]LogModuleManager: Shutting down and abandoning module Paper2DEditor (97)
[2016.09.11-09.16.11:211][612]LogModuleManager: Shutting down and abandoning module UdpMessaging (96)
[2016.09.11-09.16.11:311][612]LogModuleManager: Shutting down and abandoning module TcpMessaging (95)
[2016.09.11-09.16.11:311][612]LogModuleManager: Shutting down and abandoning module LightPropagationVolumeRuntime (94)
[2016.09.11-09.16.11:311][612]LogModuleManager: Shutting down and abandoning module Paper2D (93)
[2016.09.11-09.16.11:311][612]LogModuleManager: Shutting down and abandoning module WindowsMoviePlayer (92)
[2016.09.11-09.16.11:311][612]LogModuleManager: Shutting down and abandoning module WmfMedia (91)
[2016.09.11-09.16.11:311][612]LogModuleManager: Shutting down and abandoning module MediaAssets (90)
[2016.09.11-09.16.11:311][612]LogModuleManager: Shutting down and abandoning module GameLiveStreaming (89)
[2016.09.11-09.16.11:311][612]LogModuleManager: Shutting down and abandoning module GameplayTagsEditor (88)
[2016.09.11-09.16.11:311][612]LogModuleManager: Shutting down and abandoning module VREditor (87)
[2016.09.11-09.16.11:311][612]LogModuleManager: Shutting down and abandoning module GameplayTasksEditor (86)
[2016.09.11-09.16.11:311][612]LogModuleManager: Shutting down and abandoning module PropertyEditor (85)
[2016.09.11-09.16.11:311][612]LogModuleManager: Shutting down and abandoning module BehaviorTreeEditor (84)
[2016.09.11-09.16.11:311][612]LogModuleManager: Shutting down and abandoning module FunctionalTesting (83)
[2016.09.11-09.16.11:311][612]LogModuleManager: Shutting down and abandoning module CollisionAnalyzer (82)
[2016.09.11-09.16.11:311][612]LogModuleManager: Shutting down and abandoning module Sequencer (81)
[2016.09.11-09.16.11:312][612]LogModuleManager: Shutting down and abandoning module WorkspaceMenuStructure (80)
[2016.09.11-09.16.11:312][612]LogModuleManager: Shutting down and abandoning module MessageLog (79)
[2016.09.11-09.16.11:312][612]LogModuleManager: Shutting down and abandoning module AssetTools (78)
[2016.09.11-09.16.11:312][612]LogModuleManager: Shutting down and abandoning module UMGEditor (77)
[2016.09.11-09.16.11:312][612]LogModuleManager: Shutting down and abandoning module UMG (76)
[2016.09.11-09.16.11:312][612]LogModuleManager: Shutting down and abandoning module SlateReflector (75)
[2016.09.11-09.16.11:312][612]LogModuleManager: Shutting down and abandoning module Slate (74)
[2016.09.11-09.16.11:312][612]LogModuleManager: Shutting down and abandoning module EditorStyle (73)
[2016.09.11-09.16.11:314][612]LogModuleManager: Shutting down and abandoning module SourceCodeAccess (72)
[2016.09.11-09.16.11:314][612]LogModuleManager: Shutting down and abandoning module HeadMountedDisplay (71)
[2016.09.11-09.16.11:314][612]LogModuleManager: Shutting down and abandoning module XAudio2 (70)
[2016.09.11-09.16.11:314][612]LogModuleManager: Shutting down and abandoning module Networking (68)
[2016.09.11-09.16.11:314][612]LogModuleManager: Shutting down and abandoning module Core (67)
[2016.09.11-09.16.11:314][612]LogModuleManager: Shutting down and abandoning module DirectoryWatcher (66)
[2016.09.11-09.16.11:314][612]LogDirectoryWatcher: A directory notification for '../../../Engine/Content/' was aborted.
[2016.09.11-09.16.11:314][612]LogDirectoryWatcher: A directory notification for '../../../../../../Users/和輝/Documents/Unreal Projects/MyProject/Content/' was aborted.
[2016.09.11-09.16.11:314][612]LogDirectoryWatcher: A directory notification for '../../../Engine/Plugins/2D/Paper2D/Content/' was aborted.
[2016.09.11-09.16.11:314][612]LogModuleManager: Shutting down and abandoning module AssetRegistry (65)
[2016.09.11-09.16.11:388][612]LogModuleManager: Shutting down and abandoning module KismetCompiler (64)
[2016.09.11-09.16.11:388][612]LogModuleManager: Shutting down and abandoning module PhysXFormats (63)
[2016.09.11-09.16.11:388][612]LogModuleManager: Shutting down and abandoning module MeshUtilities (62)
[2016.09.11-09.16.11:388][612]LogModuleManager: Shutting down and abandoning module DerivedDataCache (61)
[2016.09.11-09.16.11:482][612]LogDerivedDataCache: Shutdown
[2016.09.11-09.16.11:482][612]LogModuleManager: Shutting down and abandoning module VulkanShaderFormat (60)
[2016.09.11-09.16.11:482][612]LogModuleManager: Shutting down and abandoning module ShaderFormatOpenGL (59)
[2016.09.11-09.16.11:482][612]LogModuleManager: Shutting down and abandoning module ShaderFormatD3D (58)
[2016.09.11-09.16.11:482][612]LogModuleManager: Shutting down and abandoning module MetalShaderFormat (57)
[2016.09.11-09.16.11:482][612]LogModuleManager: Shutting down and abandoning module TextureFormatUncompressed (56)
[2016.09.11-09.16.11:482][612]LogModuleManager: Shutting down and abandoning module TextureFormatPVR (55)
[2016.09.11-09.16.11:482][612]LogModuleManager: Shutting down and abandoning module TextureFormatDXT (54)
[2016.09.11-09.16.11:482][612]LogModuleManager: Shutting down and abandoning module TextureFormatIntelISPCTexComp (53)
[2016.09.11-09.16.11:482][612]LogModuleManager: Shutting down and abandoning module ImageWrapper (52)
[2016.09.11-09.16.11:482][612]LogModuleManager: Shutting down and abandoning module TextureFormatASTC (51)
[2016.09.11-09.16.11:482][612]LogModuleManager: Shutting down and abandoning module TextureFormatAndroid (50)
[2016.09.11-09.16.11:482][612]LogModuleManager: Shutting down and abandoning module AudioFormatOpus (49)
[2016.09.11-09.16.11:482][612]LogModuleManager: Shutting down and abandoning module AudioFormatOgg (48)
[2016.09.11-09.16.11:482][612]LogModuleManager: Shutting down and abandoning module AudioFormatADPCM (47)
[2016.09.11-09.16.11:482][612]LogModuleManager: Shutting down and abandoning module LinuxTargetPlatform (46)
[2016.09.11-09.16.11:482][612]LogModuleManager: Shutting down and abandoning module LinuxServerTargetPlatform (45)
[2016.09.11-09.16.11:482][612]LogModuleManager: Shutting down and abandoning module LinuxNoEditorTargetPlatform (44)
[2016.09.11-09.16.11:482][612]LogModuleManager: Shutting down and abandoning module LinuxClientTargetPlatform (43)
[2016.09.11-09.16.11:482][612]LogModuleManager: Shutting down and abandoning module TVOSTargetPlatform (42)
[2016.09.11-09.16.11:482][612]LogModuleManager: Shutting down and abandoning module Messaging (41)
[2016.09.11-09.16.11:482][612]LogModuleManager: Shutting down and abandoning module IOSTargetPlatform (40)
[2016.09.11-09.16.11:482][612]LogModuleManager: Shutting down and abandoning module HTML5TargetPlatform (39)
[2016.09.11-09.16.11:482][612]LogModuleManager: Shutting down and abandoning module Android_PVRTCTargetPlatform (38)
[2016.09.11-09.16.11:483][612]LogModuleManager: Shutting down and abandoning module Android_MultiTargetPlatform (37)
[2016.09.11-09.16.11:483][612]LogModuleManager: Shutting down and abandoning module Android_ETC2TargetPlatform (36)
[2016.09.11-09.16.11:483][612]LogModuleManager: Shutting down and abandoning module Android_ETC1TargetPlatform (35)
[2016.09.11-09.16.11:483][612]LogModuleManager: Shutting down and abandoning module Android_DXTTargetPlatform (34)
[2016.09.11-09.16.11:483][612]LogModuleManager: Shutting down and abandoning module Android_ATCTargetPlatform (33)
[2016.09.11-09.16.11:483][612]LogModuleManager: Shutting down and abandoning module Android_ASTCTargetPlatform (32)
[2016.09.11-09.16.11:483][612]LogModuleManager: Shutting down and abandoning module AndroidTargetPlatform (31)
[2016.09.11-09.16.11:483][612]LogModuleManager: Shutting down and abandoning module WindowsTargetPlatform (30)
[2016.09.11-09.16.11:483][612]LogModuleManager: Shutting down and abandoning module WindowsServerTargetPlatform (29)
[2016.09.11-09.16.11:483][612]LogModuleManager: Shutting down and abandoning module WindowsNoEditorTargetPlatform (28)
[2016.09.11-09.16.11:483][612]LogModuleManager: Shutting down and abandoning module WindowsClientTargetPlatform (27)
[2016.09.11-09.16.11:483][612]LogModuleManager: Shutting down and abandoning module AllDesktopTargetPlatform (26)
[2016.09.11-09.16.11:483][612]LogModuleManager: Shutting down and abandoning module TargetPlatform (25)
[2016.09.11-09.16.11:483][612]LogModuleManager: Shutting down and abandoning module InputCore (24)
[2016.09.11-09.16.11:483][612]LogModuleManager: Shutting down and abandoning module Settings (23)
[2016.09.11-09.16.11:483][612]LogModuleManager: Shutting down and abandoning module OculusRift (22)
[2016.09.11-09.16.11:483][612]LogModuleManager: Shutting down and abandoning module GearVR (21)
[2016.09.11-09.16.11:483][612]LogModuleManager: Shutting down and abandoning module ExampleDeviceProfileSelector (20)
[2016.09.11-09.16.11:483][612]LogModuleManager: Shutting down and abandoning module OnlineBlueprintSupport (19)
[2016.09.11-09.16.11:483][612]LogModuleManager: Shutting down and abandoning module OnlineSubsystem (17)
[2016.09.11-09.16.11:483][612]LogOnline:Display: Unloading online subsystem: NULL
[2016.09.11-09.16.11:483][612]LogModuleManager: Shutting down and abandoning module HTTP (16)
[2016.09.11-09.16.11:483][612]LogHttp:Display: Http module shutting down, but needs to wait on 1 outstanding Http requests:
[2016.09.11-09.16.11:483][612]LogHttp:Display: 	verb=[POST] url=[https://datarouter.ol.epicgames.com/datarouter/api/v1/public/data?SessionID=%7BBA4A6108-4D6F-4D9F-3072-A0905A52B72F%7D&AppID=UEEditor.Rocket.Release&AppVersion=%2B%2BUE4%2BRelease-4.13-CL-3106830&UserID=aee04a544cbec219de11e3a17d123fd9%7Cf70bea077ba342629f68204b0731c127%7Cd0b911d5-2461-4bf8-aead-31d4e05b5c41&AppEnvironment=datacollector-binary&UploadType=eteventstream] status=Processing
[2016.09.11-09.16.11:504][612]LogModuleManager: Shutting down and abandoning module XMPP (15)
[2016.09.11-09.16.11:504][612]LogModuleManager: Shutting down and abandoning module TextureCompressor (14)
[2016.09.11-09.16.11:504][612]LogModuleManager: Shutting down and abandoning module ShaderCore (13)
[2016.09.11-09.16.11:504][612]LogModuleManager: Shutting down and abandoning module Landscape (12)
[2016.09.11-09.16.11:504][612]LogModuleManager: Shutting down and abandoning module SlateRHIRenderer (11)
[2016.09.11-09.16.11:505][612]LogModuleManager: Shutting down and abandoning module OpenGLDrv (10)
[2016.09.11-09.16.11:505][612]LogModuleManager: Shutting down and abandoning module D3D11RHI (9)
[2016.09.11-09.16.11:505][612]LogModuleManager: Shutting down and abandoning module AnimGraphRuntime (8)
[2016.09.11-09.16.11:505][612]LogModuleManager: Shutting down and abandoning module Renderer (7)
[2016.09.11-09.16.11:505][612]LogModuleManager: Shutting down and abandoning module Engine (6)
[2016.09.11-09.16.11:505][612]LogModuleManager: Shutting down and abandoning module CoreUObject (5)
[2016.09.11-09.16.11:505][612]LogModuleManager: Shutting down and abandoning module NetworkFile (4)
[2016.09.11-09.16.11:505][612]LogModuleManager: Shutting down and abandoning module StreamingFile (3)
[2016.09.11-09.16.11:505][612]LogModuleManager: Shutting down and abandoning module SandboxFile (2)
[2016.09.11-09.16.11:505][612]LogModuleManager: Shutting down and abandoning module PakFile (1)
[2016.09.11-09.16.11:507][612]LogExit: Exiting.
[2016.09.11-09.16.11:514][612]Log file closed, 09/11/16 18:16:11
